2018-10-14 20:43:10,438 INFO org.springframework.boot.StartupInfoLogger [main] Starting ServerApplicationTests on DESKTOP-V5AD4OI with PID 5100 (started by Michal in C:\Users\Michal\IdeaProjects\temp\server)
2018-10-14 20:43:10,441 INFO org.springframework.boot.SpringApplication [main] No active profile set, falling back to default profiles: default
2018-10-14 20:43:10,486 INFO org.springframework.context.support.AbstractApplicationContext [main] Refreshing org.springframework.web.context.support.GenericWebApplicationContext@2657d4dd: startup date [Sun Oct 14 20:43:10 CEST 2018]; root of context hierarchy
2018-10-14 20:43:12,155 INFO org.springframework.scheduling.concurrent.ExecutorConfigurationSupport [main] Initializing ExecutorService 
2018-10-14 20:43:12,166 INFO org.springframework.scheduling.concurrent.ExecutorConfigurationSupport [main] Initializing ExecutorService  'asyncExecutor'
2018-10-14 20:43:12,778 INFO org.springframework.web.servlet.handler.AbstractUrlHandlerMapping [main] Mapped URL path [/**/favicon.ico] onto handler of type [class org.springframework.web.servlet.resource.ResourceHttpRequestHandler]
2018-10-14 20:43:13,178 INFO org.springframework.web.servlet.mvc.method.annotation.RequestMappingHandlerAdapter [main] Looking for @ControllerAdvice: org.springframework.web.context.support.GenericWebApplicationContext@2657d4dd: startup date [Sun Oct 14 20:43:10 CEST 2018]; root of context hierarchy
2018-10-14 20:43:13,349 INFO org.springframework.web.servlet.handler.AbstractHandlerMethodMapping$MappingRegistry [main] Mapped "{[/av/add],methods=[POST]}" onto public void pl.com.pko.avscan.server.api.controller.android.ScanResult.add(pl.com.pko.avscan.client.requestbody.android.ScanResultRequest,org.springframework.validation.BindingResult)
2018-10-14 20:43:13,352 INFO org.springframework.web.servlet.handler.AbstractHandlerMethodMapping$MappingRegistry [main] Mapped "{[/av/getSignatures],methods=[POST]}" onto public void pl.com.pko.avscan.server.api.controller.android.VirusSignature.add()
2018-10-14 20:43:13,371 INFO org.springframework.web.servlet.handler.AbstractHandlerMethodMapping$MappingRegistry [main] Mapped "{[/error]}" onto public org.springframework.http.ResponseEntity<java.util.Map<java.lang.String, java.lang.Object>> org.springframework.boot.autoconfigure.web.servlet.error.BasicErrorController.error(javax.servlet.http.HttpServletRequest)
2018-10-14 20:43:13,376 INFO org.springframework.web.servlet.handler.AbstractHandlerMethodMapping$MappingRegistry [main] Mapped "{[/error],produces=[text/html]}" onto public org.springframework.web.servlet.ModelAndView org.springframework.boot.autoconfigure.web.servlet.error.BasicErrorController.errorHtml(javax.servlet.http.HttpServletRequest,javax.servlet.http.HttpServletResponse)
2018-10-14 20:43:13,498 INFO org.springframework.web.servlet.handler.AbstractUrlHandlerMapping [main] Mapped URL path [/webjars/**] onto handler of type [class org.springframework.web.servlet.resource.ResourceHttpRequestHandler]
2018-10-14 20:43:13,504 INFO org.springframework.web.servlet.handler.AbstractUrlHandlerMapping [main] Mapped URL path [/**] onto handler of type [class org.springframework.web.servlet.resource.ResourceHttpRequestHandler]
2018-10-14 20:43:13,983 INFO org.springframework.boot.StartupInfoLogger [main] Started ServerApplicationTests in 3.968 seconds (JVM running for 4.973)
2018-10-14 20:43:14,482 INFO org.springframework.context.support.AbstractApplicationContext [Thread-2] Closing org.springframework.web.context.support.GenericWebApplicationContext@2657d4dd: startup date [Sun Oct 14 20:43:10 CEST 2018]; root of context hierarchy
2018-10-14 20:43:14,491 INFO org.springframework.scheduling.concurrent.ExecutorConfigurationSupport [Thread-2] Shutting down ExecutorService 'asyncExecutor'
2018-10-14 20:43:25,352 INFO org.springframework.boot.StartupInfoLogger [main] Starting ServerApplicationTests on DESKTOP-V5AD4OI with PID 12140 (started by Michal in C:\Users\Michal\IdeaProjects\temp\server)
2018-10-14 20:43:25,356 INFO org.springframework.boot.SpringApplication [main] No active profile set, falling back to default profiles: default
2018-10-14 20:43:25,401 INFO org.springframework.context.support.AbstractApplicationContext [main] Refreshing org.springframework.web.context.support.GenericWebApplicationContext@5340477f: startup date [Sun Oct 14 20:43:25 CEST 2018]; root of context hierarchy
2018-10-14 20:43:26,693 INFO org.springframework.scheduling.concurrent.ExecutorConfigurationSupport [main] Initializing ExecutorService 
2018-10-14 20:43:26,708 INFO org.springframework.scheduling.concurrent.ExecutorConfigurationSupport [main] Initializing ExecutorService  'asyncExecutor'
2018-10-14 20:43:27,088 INFO org.springframework.web.servlet.handler.AbstractUrlHandlerMapping [main] Mapped URL path [/**/favicon.ico] onto handler of type [class org.springframework.web.servlet.resource.ResourceHttpRequestHandler]
2018-10-14 20:43:27,297 INFO org.springframework.web.servlet.mvc.method.annotation.RequestMappingHandlerAdapter [main] Looking for @ControllerAdvice: org.springframework.web.context.support.GenericWebApplicationContext@5340477f: startup date [Sun Oct 14 20:43:25 CEST 2018]; root of context hierarchy
2018-10-14 20:43:27,378 INFO org.springframework.web.servlet.handler.AbstractHandlerMethodMapping$MappingRegistry [main] Mapped "{[/av/add],methods=[POST]}" onto public void pl.com.pko.avscan.server.api.controller.android.ScanResult.add(pl.com.pko.avscan.client.requestbody.android.ScanResultRequest,org.springframework.validation.BindingResult)
2018-10-14 20:43:27,381 INFO org.springframework.web.servlet.handler.AbstractHandlerMethodMapping$MappingRegistry [main] Mapped "{[/av/getSignatures],methods=[POST]}" onto public void pl.com.pko.avscan.server.api.controller.android.VirusSignature.add()
2018-10-14 20:43:27,385 INFO org.springframework.web.servlet.handler.AbstractHandlerMethodMapping$MappingRegistry [main] Mapped "{[/error]}" onto public org.springframework.http.ResponseEntity<java.util.Map<java.lang.String, java.lang.Object>> org.springframework.boot.autoconfigure.web.servlet.error.BasicErrorController.error(javax.servlet.http.HttpServletRequest)
2018-10-14 20:43:27,386 INFO org.springframework.web.servlet.handler.AbstractHandlerMethodMapping$MappingRegistry [main] Mapped "{[/error],produces=[text/html]}" onto public org.springframework.web.servlet.ModelAndView org.springframework.boot.autoconfigure.web.servlet.error.BasicErrorController.errorHtml(javax.servlet.http.HttpServletRequest,javax.servlet.http.HttpServletResponse)
2018-10-14 20:43:27,420 INFO org.springframework.web.servlet.handler.AbstractUrlHandlerMapping [main] Mapped URL path [/webjars/**] onto handler of type [class org.springframework.web.servlet.resource.ResourceHttpRequestHandler]
2018-10-14 20:43:27,422 INFO org.springframework.web.servlet.handler.AbstractUrlHandlerMapping [main] Mapped URL path [/**] onto handler of type [class org.springframework.web.servlet.resource.ResourceHttpRequestHandler]
2018-10-14 20:43:27,606 INFO org.springframework.boot.StartupInfoLogger [main] Started ServerApplicationTests in 2.708 seconds (JVM running for 3.661)
2018-10-14 20:43:27,833 INFO org.springframework.context.support.AbstractApplicationContext [Thread-2] Closing org.springframework.web.context.support.GenericWebApplicationContext@5340477f: startup date [Sun Oct 14 20:43:25 CEST 2018]; root of context hierarchy
2018-10-14 20:43:27,838 INFO org.springframework.scheduling.concurrent.ExecutorConfigurationSupport [Thread-2] Shutting down ExecutorService 'asyncExecutor'
