2018-10-14 20:43:37,513 INFO org.springframework.boot.StartupInfoLogger [main] Starting ServerApplication on DESKTOP-V5AD4OI with PID 5508 (C:\Users\Michal\IdeaProjects\temp\server\target\classes started by Michal in C:\Users\Michal\IdeaProjects\temp)
2018-10-14 20:43:37,518 INFO org.springframework.boot.SpringApplication [main] No active profile set, falling back to default profiles: default
2018-10-14 20:43:37,573 INFO org.springframework.context.support.AbstractApplicationContext [main] Refreshing org.springframework.boot.web.servlet.context.AnnotationConfigServletWebServerApplicationContext@41d426b5: startup date [Sun Oct 14 20:43:37 CEST 2018]; root of context hierarchy
2018-10-14 20:43:38,679 INFO org.springframework.boot.web.embedded.tomcat.TomcatWebServer [main] Tomcat initialized with port(s): 8080 (http)
2018-10-14 20:43:38,692 INFO org.apache.juli.logging.DirectJDKLog [main] Initializing ProtocolHandler ["http-nio-8080"]
2018-10-14 20:43:38,702 INFO org.apache.juli.logging.DirectJDKLog [main] Starting service [Tomcat]
2018-10-14 20:43:38,702 INFO org.apache.juli.logging.DirectJDKLog [main] Starting Servlet Engine: Apache Tomcat/8.5.34
2018-10-14 20:43:38,708 INFO org.apache.juli.logging.DirectJDKLog [localhost-startStop-1] The APR based Apache Tomcat Native library which allows optimal performance in production environments was not found on the java.library.path: [C:\Program Files\Java\jdk1.8.0_131\bin;C:\WINDOWS\Sun\Java\bin;C:\WINDOWS\system32;C:\WINDOWS;C:\ProgramData\Oracle\Java\javapath;C:\WINDOWS\system32;C:\WINDOWS;C:\WINDOWS\System32\Wbem;C:\WINDOWS\System32\WindowsPowerShell\v1.0\;C:\Program Files (x86)\AMD\ATI.ACE\Core-Static;C:\Program Files\Git\cmd;C:\Program Files (x86)\ibm\gsk8\lib;C:\Program Files\Java\jdk1.8.0_102\bin;C:\Program Files\apache-maven-3.3.9\bin;C:\Program Files\OpenVPN\bin;c:\Program Files (x86)\Microsoft SQL Server\110\Tools\Binn\;c:\Program Files\Microsoft SQL Server\110\Tools\Binn\;c:\Program Files\Microsoft SQL Server\110\DTS\Binn\;c:\Program Files (x86)\Microsoft SQL Server\110\Tools\Binn\ManagementStudio\;c:\Program Files (x86)\Microsoft Visual Studio 10.0\Common7\IDE\PrivateAssemblies\;c:\Program Files (x86)\Microsoft SQL Server\110\DTS\Binn\;C:\Program Files\nodejs\;C:\WINDOWS\System32\OpenSSH\;C:\Users\Michal\AppData\Local\Microsoft\WindowsApps;C:\Program Files\Java\jdk1.8.0_102\bin;C:\Users\Michal\AppData\Local\atom\bin;C:\Users\Michal\AppData\Local\Microsoft\WindowsApps;C:\Users\Michal\AppData\Roaming\npm;;.]
2018-10-14 20:43:38,812 INFO org.apache.juli.logging.DirectJDKLog [localhost-startStop-1] Initializing Spring embedded WebApplicationContext
2018-10-14 20:43:38,813 INFO org.springframework.boot.web.servlet.context.ServletWebServerApplicationContext [localhost-startStop-1] Root WebApplicationContext: initialization completed in 1241 ms
2018-10-14 20:43:38,884 INFO org.springframework.boot.web.servlet.ServletRegistrationBean [localhost-startStop-1] Servlet dispatcherServlet mapped to [/]
2018-10-14 20:43:38,893 INFO org.springframework.boot.web.servlet.AbstractFilterRegistrationBean [localhost-startStop-1] Mapping filter: 'characterEncodingFilter' to: [/*]
2018-10-14 20:43:38,894 INFO org.springframework.boot.web.servlet.AbstractFilterRegistrationBean [localhost-startStop-1] Mapping filter: 'hiddenHttpMethodFilter' to: [/*]
2018-10-14 20:43:38,894 INFO org.springframework.boot.web.servlet.AbstractFilterRegistrationBean [localhost-startStop-1] Mapping filter: 'httpPutFormContentFilter' to: [/*]
2018-10-14 20:43:38,894 INFO org.springframework.boot.web.servlet.AbstractFilterRegistrationBean [localhost-startStop-1] Mapping filter: 'requestContextFilter' to: [/*]
2018-10-14 20:43:38,961 INFO org.springframework.scheduling.concurrent.ExecutorConfigurationSupport [main] Initializing ExecutorService 
2018-10-14 20:43:38,971 INFO org.springframework.scheduling.concurrent.ExecutorConfigurationSupport [main] Initializing ExecutorService  'asyncExecutor'
2018-10-14 20:43:39,065 INFO org.springframework.web.servlet.handler.AbstractUrlHandlerMapping [main] Mapped URL path [/**/favicon.ico] onto handler of type [class org.springframework.web.servlet.resource.ResourceHttpRequestHandler]
2018-10-14 20:43:39,284 INFO org.springframework.web.servlet.mvc.method.annotation.RequestMappingHandlerAdapter [main] Looking for @ControllerAdvice: org.springframework.boot.web.servlet.context.AnnotationConfigServletWebServerApplicationContext@41d426b5: startup date [Sun Oct 14 20:43:37 CEST 2018]; root of context hierarchy
2018-10-14 20:43:39,354 INFO org.springframework.web.servlet.handler.AbstractHandlerMethodMapping$MappingRegistry [main] Mapped "{[/av/add],methods=[POST]}" onto public void pl.com.pko.avscan.server.api.controller.android.ScanResult.add(pl.com.pko.avscan.client.requestbody.android.ScanResultRequest,org.springframework.validation.BindingResult)
2018-10-14 20:43:39,355 INFO org.springframework.web.servlet.handler.AbstractHandlerMethodMapping$MappingRegistry [main] Mapped "{[/av/getSignatures],methods=[POST]}" onto public void pl.com.pko.avscan.server.api.controller.android.VirusSignature.add()
2018-10-14 20:43:39,358 INFO org.springframework.web.servlet.handler.AbstractHandlerMethodMapping$MappingRegistry [main] Mapped "{[/error]}" onto public org.springframework.http.ResponseEntity<java.util.Map<java.lang.String, java.lang.Object>> org.springframework.boot.autoconfigure.web.servlet.error.BasicErrorController.error(javax.servlet.http.HttpServletRequest)
2018-10-14 20:43:39,359 INFO org.springframework.web.servlet.handler.AbstractHandlerMethodMapping$MappingRegistry [main] Mapped "{[/error],produces=[text/html]}" onto public org.springframework.web.servlet.ModelAndView org.springframework.boot.autoconfigure.web.servlet.error.BasicErrorController.errorHtml(javax.servlet.http.HttpServletRequest,javax.servlet.http.HttpServletResponse)
2018-10-14 20:43:39,396 INFO org.springframework.web.servlet.handler.AbstractUrlHandlerMapping [main] Mapped URL path [/webjars/**] onto handler of type [class org.springframework.web.servlet.resource.ResourceHttpRequestHandler]
2018-10-14 20:43:39,397 INFO org.springframework.web.servlet.handler.AbstractUrlHandlerMapping [main] Mapped URL path [/**] onto handler of type [class org.springframework.web.servlet.resource.ResourceHttpRequestHandler]
2018-10-14 20:43:39,588 INFO org.springframework.jmx.export.MBeanExporter [main] Registering beans for JMX exposure on startup
2018-10-14 20:43:39,604 INFO org.apache.juli.logging.DirectJDKLog [main] Starting ProtocolHandler ["http-nio-8080"]
2018-10-14 20:43:39,616 INFO org.apache.juli.logging.DirectJDKLog [main] Using a shared selector for servlet write/read
2018-10-14 20:43:39,633 INFO org.springframework.boot.web.embedded.tomcat.TomcatWebServer [main] Tomcat started on port(s): 8080 (http) with context path ''
2018-10-14 20:43:39,638 INFO org.springframework.boot.StartupInfoLogger [main] Started ServerApplication in 2.788 seconds (JVM running for 4.219)
